0 info it worked if it ends with ok
1 verbose cli [ '/usr/bin/node', '/usr/bin/npm', 'install', '--save', 'https' ]
2 info using npm@1.4.28
3 info using node@v0.10.36
4 verbose node symlink /usr/bin/node
5 warn package.json office-app@1.0.0 No description
6 warn package.json office-app@1.0.0 No repository field.
7 warn package.json office-app@1.0.0 No README data
8 verbose readDependencies using package.json deps
9 verbose cache add [ 'https', null ]
10 verbose cache add name=undefined spec="https" args=["https",null]
11 verbose parsed url { protocol: null,
11 verbose parsed url   slashes: null,
11 verbose parsed url   auth: null,
11 verbose parsed url   host: null,
11 verbose parsed url   port: null,
11 verbose parsed url   hostname: null,
11 verbose parsed url   hash: null,
11 verbose parsed url   search: null,
11 verbose parsed url   query: null,
11 verbose parsed url   pathname: 'https',
11 verbose parsed url   path: 'https',
11 verbose parsed url   href: 'https' }
12 silly lockFile c3437dbc-https https
13 verbose lock https /home/jacob/.npm/c3437dbc-https.lock
14 silly lockFile c3437dbc-https https
15 silly lockFile c3437dbc-https https
16 verbose addNamed [ 'https', '' ]
17 verbose addNamed [ null, '*' ]
18 silly lockFile 421d451a-https https@
19 verbose lock https@ /home/jacob/.npm/421d451a-https.lock
20 silly addNameRange { name: 'https', range: '*', hasData: false }
21 verbose request where is /https
22 verbose request registry https://registry.npmjs.org/
23 verbose request id e7dcc87660a8d0d0
24 verbose url raw /https
25 verbose url resolving [ 'https://registry.npmjs.org/', './https' ]
26 verbose url resolved https://registry.npmjs.org/https
27 verbose request where is https://registry.npmjs.org/https
28 info trying registry request attempt 1 at 20:32:08
29 http GET https://registry.npmjs.org/https
30 http 404 https://registry.npmjs.org/https
31 verbose headers { date: 'Thu, 05 Mar 2015 03:32:08 GMT',
31 verbose headers   server: 'CouchDB/1.5.0 (Erlang OTP/R16B03)',
31 verbose headers   'content-type': 'application/json',
31 verbose headers   'cache-control': 'max-age=0',
31 verbose headers   'content-length': '52',
31 verbose headers   'accept-ranges': 'bytes',
31 verbose headers   via: '1.1 varnish',
31 verbose headers   age: '0',
31 verbose headers   'x-served-by': 'cache-ord1730-ORD',
31 verbose headers   'x-cache': 'MISS',
31 verbose headers   'x-cache-hits': '0',
31 verbose headers   'x-timer': 'S1425526328.752628,VS0,VE68',
31 verbose headers   'keep-alive': 'timeout=10, max=50',
31 verbose headers   connection: 'Keep-Alive' }
32 silly registry.get cb [ 404,
32 silly registry.get   { date: 'Thu, 05 Mar 2015 03:32:08 GMT',
32 silly registry.get     server: 'CouchDB/1.5.0 (Erlang OTP/R16B03)',
32 silly registry.get     'content-type': 'application/json',
32 silly registry.get     'cache-control': 'max-age=0',
32 silly registry.get     'content-length': '52',
32 silly registry.get     'accept-ranges': 'bytes',
32 silly registry.get     via: '1.1 varnish',
32 silly registry.get     age: '0',
32 silly registry.get     'x-served-by': 'cache-ord1730-ORD',
32 silly registry.get     'x-cache': 'MISS',
32 silly registry.get     'x-cache-hits': '0',
32 silly registry.get     'x-timer': 'S1425526328.752628,VS0,VE68',
32 silly registry.get     'keep-alive': 'timeout=10, max=50',
32 silly registry.get     connection: 'Keep-Alive' } ]
33 silly lockFile 421d451a-https https@
34 silly lockFile 421d451a-https https@
35 error 404 404 Not Found: https
35 error 404
35 error 404 'https' is not in the npm registry.
35 error 404 You should bug the author to publish it
35 error 404 It was specified as a dependency of 'office-app'
35 error 404
35 error 404 Note that you can also install from a
35 error 404 tarball, folder, or http url, or git url.
36 error System Linux 3.18.0-031800-generic
37 error command "/usr/bin/node" "/usr/bin/npm" "install" "--save" "https"
38 error cwd /home/jacob/Coding/Personal/practice/office-app
39 error node -v v0.10.36
40 error npm -v 1.4.28
41 error code E404
42 verbose exit [ 1, true ]
